<?xml version="1.0" encoding="UTF-8"?>
<testng-results skipped="0" failed="0" ignored="0" total="1" passed="1">
  <reporter-output>
  </reporter-output>
  <suite name="All Test Suite" duration-ms="9488" started-at="2021-07-20T11:20:47Z" finished-at="2021-07-20T11:20:57Z">
    <groups>
    </groups>
    <test name="UITest" duration-ms="9488" started-at="2021-07-20T11:20:47Z" finished-at="2021-07-20T11:20:57Z">
      <class name="UITest">
        <test-method status="PASS" signature="startBrowser()[pri:0, instance:UITest@59e84876]" name="startBrowser" duration-ms="9466" started-at="2021-07-20T11:20:47Z" finished-at="2021-07-20T11:20:57Z">
          <reporter-output>
          </reporter-output>
        </test-method> <!-- startBrowser -->
      </class> <!-- UITest -->
    </test> <!-- UITest -->
  </suite> <!-- All Test Suite -->
</testng-results>
